{
  "RSpec": {
    "coverage": {
      "/home/tomal/Desktop/planning_poker_api_client/app/client/client_services/client_requests/make_team_member_service.rb": [
        null,
        null,
        1,
        1,
        1,
        null,
        1,
        1,
        1,
        null,
        1,
        null,
        1,
        1,
        1,
        1,
        null,
        null,
        1,
        1,
        null,
        null,
        1,
        null,
        1,
        null,
        1,
        1,
        null,
        null,
        null,
        null
      ],
      "/home/tomal/Desktop/planning_poker_api_client/app/client/client_services/parsers/team_data.rb": [
        null,
        null,
        1,
        1,
        1,
        null,
        1,
        0,
        0,
        0,
        0,
        null,
        null,
        null
      ],
      "/home/tomal/Desktop/planning_poker_api_client/app/client/client_services/client_requests/make_team_service.rb": [
        null,
        null,
        1,
        1,
        1,
        1,
        1,
        1,
        null,
        1,
        null,
        1,
        1,
        null,
        null,
        1,
        1,
        null,
        null,
        1,
        null,
        null,
        1,
        null,
        null,
        1,
        1,
        null,
        null,
        null
      ],
      "/home/tomal/Desktop/planning_poker_api_client/app/client/client_services/data_processors/report_generator.rb": [
        null,
        null,
        1,
        1,
        null,
        1,
        1,
        null,
        null,
        1,
        1,
        null,
        null,
        1,
        null,
        1,
        null,
        1,
        1,
        1,
        1,
        1,
        1,
        1,
        1,
        1,
        1,
        1,
        1,
        1,
        null,
        null,
        1,
        1,
        3,
        1,
        1,
        null,
        1,
        null,
        null,
        null,
        null
      ],
      "/home/tomal/Desktop/planning_poker_api_client/app/client/ui/validators/numeric_input_validator.rb": [
        null,
        null,
        1,
        1,
        null,
        1,
        1,
        null,
        null,
        1,
        3,
        null,
        null,
        1,
        2,
        null,
        null,
        1,
        2,
        2,
        2,
        null,
        null,
        null,
        null
      ],
      "/home/tomal/Desktop/planning_poker_api_client/app/models/member.rb": [
        null,
        null,
        1,
        1,
        1,
        1,
        1,
        null
      ],
      "/home/tomal/Desktop/planning_poker_api_client/app/models/application_record.rb": [
        null,
        null,
        1,
        1,
        null
      ],
      "/home/tomal/Desktop/planning_poker_api_client/app/models/team.rb": [
        null,
        null,
        1,
        1,
        1,
        1,
        null,
        1,
        1,
        null
      ],
      "/home/tomal/Desktop/planning_poker_api_client/app/models/ticket.rb": [
        null,
        null,
        1,
        1,
        1,
        null,
        1,
        null
      ],
      "/home/tomal/Desktop/planning_poker_api_client/app/services/average_vote_counter.rb": [
        null,
        null,
        1,
        null,
        1,
        2,
        null,
        null,
        1,
        2,
        null,
        null,
        1,
        null,
        1,
        null,
        1,
        6,
        2,
        null,
        null
      ],
      "/home/tomal/Desktop/planning_poker_api_client/app/services/create_random_ticket.rb": [
        null,
        null,
        1,
        null,
        1,
        null,
        1,
        1,
        null,
        null,
        1,
        1,
        null,
        null,
        1,
        null,
        1,
        1,
        1,
        1,
        1,
        1,
        null,
        1,
        null,
        null,
        1,
        1,
        null,
        null,
        1,
        1,
        null,
        null,
        1,
        1,
        null,
        null,
        1,
        1,
        null,
        null,
        null
      ],
      "/home/tomal/Desktop/planning_poker_api_client/app/services/create_team_with_name.rb": [
        null,
        null,
        1,
        null,
        1,
        2,
        2,
        null,
        null,
        1,
        2,
        null,
        null,
        1,
        null,
        1,
        null,
        1,
        2,
        2,
        2,
        null,
        null,
        null,
        1,
        2,
        null,
        null,
        1,
        2,
        null,
        null,
        null
      ],
      "/home/tomal/Desktop/planning_poker_api_client/app/services/team_capacity_checker.rb": [
        null,
        null,
        1,
        1,
        5,
        null,
        null,
        1,
        5,
        null,
        null,
        1,
        null,
        1,
        null,
        1,
        5,
        null,
        null
      ],
      "/home/tomal/Desktop/planning_poker_api_client/app/services/voting_report.rb": [
        null,
        null,
        1,
        1,
        1,
        1,
        null,
        null,
        1,
        1,
        null,
        null,
        1,
        null,
        1,
        null,
        1,
        3,
        1,
        null,
        null,
        1,
        1,
        null,
        null,
        null
      ],
      "/home/tomal/Desktop/planning_poker_api_client/app/controllers/teams/members_controller.rb": [
        null,
        null,
        1,
        1,
        1,
        1,
        null,
        null,
        1,
        2,
        2,
        null,
        null,
        1,
        3,
        0,
        null,
        3,
        1,
        null,
        null,
        null,
        1,
        2,
        2,
        null,
        null,
        1,
        2,
        null,
        null,
        1,
        null,
        1,
        13,
        null,
        null,
        1,
        7,
        null,
        null,
        1,
        5,
        null,
        null,
        null
      ],
      "/home/tomal/Desktop/planning_poker_api_client/app/controllers/application_controller.rb": [
        null,
        null,
        1,
        1,
        null
      ],
      "/home/tomal/Desktop/planning_poker_api_client/app/controllers/concerns/errors_handler.rb": [
        null,
        null,
        1,
        1,
        null,
        1,
        1,
        2,
        null,
        null,
        1,
        1,
        null,
        null,
        null
      ],
      "/home/tomal/Desktop/planning_poker_api_client/app/serializers/member_serializer.rb": [
        null,
        null,
        1,
        1,
        1,
        1,
        null
      ],
      "/home/tomal/Desktop/planning_poker_api_client/app/serializers/team_serializer.rb": [
        null,
        null,
        1,
        1,
        1,
        1,
        null
      ],
      "/home/tomal/Desktop/planning_poker_api_client/app/controllers/teams_controller.rb": [
        null,
        null,
        1,
        1,
        0,
        null,
        null,
        1,
        1,
        1,
        1,
        null,
        null,
        null,
        1,
        0,
        null,
        null,
        1,
        null,
        1,
        1,
        null,
        null,
        1,
        0,
        null,
        null,
        1,
        0,
        null,
        null
      ],
      "/home/tomal/Desktop/planning_poker_api_client/app/services/create_default_team.rb": [
        null,
        null,
        1,
        1,
        2,
        null,
        null,
        1,
        null,
        1,
        2,
        null,
        null
      ],
      "/home/tomal/Desktop/planning_poker_api_client/app/services/create_default_member.rb": [
        null,
        null,
        1,
        1,
        1,
        1,
        1,
        1,
        null,
        null,
        null,
        1,
        null,
        1,
        1,
        null,
        null,
        1,
        1,
        null,
        null,
        1,
        1,
        null,
        null
      ],
      "/home/tomal/Desktop/planning_poker_api_client/app/mailers/application_mailer.rb": [
        null,
        null,
        0,
        0,
        0,
        0
      ],
      "/home/tomal/Desktop/planning_poker_api_client/app/serializers/ticket_serializer.rb": [
        null,
        null,
        0,
        0,
        0,
        0,
        0
      ],
      "/home/tomal/Desktop/planning_poker_api_client/app/controllers/tickets_controller.rb": [
        null,
        null,
        0,
        0,
        0,
        0,
        0,
        null,
        null,
        0
      ],
      "/home/tomal/Desktop/planning_poker_api_client/app/jobs/application_job.rb": [
        null,
        null,
        0,
        0
      ],
      "/home/tomal/Desktop/planning_poker_api_client/app/queries/teams/query.rb": [
        null,
        null,
        0,
        0,
        0,
        0,
        0,
        0,
        0
      ],
      "/home/tomal/Desktop/planning_poker_api_client/app/channels/application_cable/channel.rb": [
        null,
        null,
        0,
        0,
        0,
        0
      ],
      "/home/tomal/Desktop/planning_poker_api_client/app/channels/application_cable/connection.rb": [
        null,
        null,
        0,
        0,
        0,
        0
      ],
      "/home/tomal/Desktop/planning_poker_api_client/app/client/ui/demo.rb": [
        null,
        null,
        0,
        0,
        0,
        null,
        0,
        0,
        null,
        0,
        0,
        0,
        0,
        0,
        0,
        0,
        0,
        0,
        0,
        0,
        0,
        0,
        0,
        0,
        0,
        0,
        0,
        0,
        0,
        0,
        0,
        0,
        0,
        0,
        0,
        0,
        0,
        0,
        0,
        0,
        0,
        0,
        0,
        0,
        0,
        0,
        0,
        0,
        0,
        0,
        0,
        0,
        0,
        null
      ],
      "/home/tomal/Desktop/planning_poker_api_client/app/client/client_controllers/client_api_controller.rb": [
        null,
        null,
        0,
        0,
        0,
        0,
        0,
        0,
        null,
        0,
        0,
        0,
        null,
        0,
        0,
        null,
        0,
        0,
        0,
        0,
        0,
        0,
        null,
        0,
        0,
        0,
        null,
        0,
        0,
        0,
        null,
        0,
        null,
        0,
        0,
        0,
        0,
        0
      ]
    },
    "timestamp": 1571324747
  }
}
